Determining if the pthread_create exist failed with the following output:
Change Dir: /media/osama/8822969D22969034/Ubuntu_Downloads/bin2pcd/build/CMakeFiles/CMakeTmp

Run Build Command:"/usr/bin/make" "cmTC_74967/fast"
/usr/bin/make -f CMakeFiles/cmTC_74967.dir/build.make CMakeFiles/cmTC_74967.dir/build
make[1]: Entering directory '/media/osama/8822969D22969034/Ubuntu_Downloads/bin2pcd/build/CMakeFiles/CMakeTmp'
Building C object CMakeFiles/cmTC_74967.dir/CheckSymbolExists.c.o
/usr/bin/cc     -o CMakeFiles/cmTC_74967.dir/CheckSymbolExists.c.o   -c /media/osama/8822969D22969034/Ubuntu_Downloads/bin2pcd/build/CMakeFiles/CMakeTmp/CheckSymbolExists.c
Linking C executable cmTC_74967
/usr/bin/cmake -E cmake_link_script CMakeFiles/cmTC_74967.dir/link.txt --verbose=1
/usr/bin/cc       CMakeFiles/cmTC_74967.dir/CheckSymbolExists.c.o  -o cmTC_74967 -rdynamic 
CMakeFiles/cmTC_74967.dir/CheckSymbolExists.c.o: In function `main':
CheckSymbolExists.c:(.text+0x1b): undefined reference to `pthread_create'
collect2: error: ld returned 1 exit status
CMakeFiles/cmTC_74967.dir/build.make:97: recipe for target 'cmTC_74967' failed
make[1]: *** [cmTC_74967] Error 1
make[1]: Leaving directory '/media/osama/8822969D22969034/Ubuntu_Downloads/bin2pcd/build/CMakeFiles/CMakeTmp'
Makefile:126: recipe for target 'cmTC_74967/fast' failed
make: *** [cmTC_74967/fast] Error 2

File /media/osama/8822969D22969034/Ubuntu_Downloads/bin2pcd/build/CMakeFiles/CMakeTmp/CheckSymbolExists.c:
/* */
#include <pthread.h>

int main(int argc, char** argv)
{
  (void)argv;
#ifndef pthread_create
  return ((int*)(&pthread_create))[argc];
#else
  (void)argc;
  return 0;
#endif
}

Determining if the function pthread_create exists in the pthreads failed with the following output:
Change Dir: /media/osama/8822969D22969034/Ubuntu_Downloads/bin2pcd/build/CMakeFiles/CMakeTmp

Run Build Command:"/usr/bin/make" "cmTC_eaee3/fast"
/usr/bin/make -f CMakeFiles/cmTC_eaee3.dir/build.make CMakeFiles/cmTC_eaee3.dir/build
make[1]: Entering directory '/media/osama/8822969D22969034/Ubuntu_Downloads/bin2pcd/build/CMakeFiles/CMakeTmp'
Building C object CMakeFiles/cmTC_eaee3.dir/CheckFunctionExists.c.o
/usr/bin/cc    -DCHECK_FUNCTION_EXISTS=pthread_create   -o CMakeFiles/cmTC_eaee3.dir/CheckFunctionExists.c.o   -c /usr/share/cmake-3.7/Modules/CheckFunctionExists.c
Linking C executable cmTC_eaee3
/usr/bin/cmake -E cmake_link_script CMakeFiles/cmTC_eaee3.dir/link.txt --verbose=1
/usr/bin/cc   -DCHECK_FUNCTION_EXISTS=pthread_create    CMakeFiles/cmTC_eaee3.dir/CheckFunctionExists.c.o  -o cmTC_eaee3 -rdynamic -lpthreads 
/usr/bin/ld: cannot find -lpthreads
collect2: error: ld returned 1 exit status
CMakeFiles/cmTC_eaee3.dir/build.make:97: recipe for target 'cmTC_eaee3' failed
make[1]: *** [cmTC_eaee3] Error 1
make[1]: Leaving directory '/media/osama/8822969D22969034/Ubuntu_Downloads/bin2pcd/build/CMakeFiles/CMakeTmp'
Makefile:126: recipe for target 'cmTC_eaee3/fast' failed
make: *** [cmTC_eaee3/fast] Error 2


